
4 verbose run-script [ 'preserve', 'serve', 'postserve' ]
5 info lifecycle structure@1.0.0~preserve: structure@1.0.0
6 silly lifecycle structure@1.0.0~preserve: no script for preserve, continuing
7 info lifecycle structure@1.0.0~serve: structure@1.0.0
8 verbose lifecycle structure@1.0.0~serve: unsafe-perm in lifecycle true
9 verbose lifecycle structure@1.0.0~serve: PATH: /usr/local/lib/node_modules/npm/bin/node-gyp-bin:/Users/fabianmurillo/Projects/battle-group/node_modules/.bin:/usr/local/lib/node_modules/npm/bin/node-gyp-bin:/Users/fabianmurillo/Projects/battle-group/node_modules/.bin:/Users/fabianmurillo/.rbenv/shims:/Users/fabianmurillo/.rbenv/bin:/usr/local/bin:/usr/bin:/bin:/usr/sbin:/sbin:/Users/fabianmurillo/bin
10 verbose lifecycle structure@1.0.0~serve: CWD: /Users/fabianmurillo/Projects/battle-group
11 silly lifecycle structure@1.0.0~serve: Args: [ '-c', 'node server.js' ]
12 silly lifecycle structure@1.0.0~serve: Returned: code: 1  signal: null
13 info lifecycle structure@1.0.0~serve: Failed to exec serve script
14 verbose stack Error: structure@1.0.0 serve: `node server.js`
14 verbose stack Exit status 1
14 verbose stack     at EventEmitter.<anonymous> (/usr/local/lib/node_modules/npm/lib/utils/lifecycle.js:232:16)
14 verbose stack     at emitTwo (events.js:100:13)
14 verbose stack     at EventEmitter.emit (events.js:185:7)
14 verbose stack     at ChildProcess.<anonymous> (/usr/local/lib/node_modules/npm/lib/utils/spawn.js:24:14)
14 verbose stack     at emitTwo (events.js:100:13)
14 verbose stack     at ChildProcess.emit (events.js:185:7)
14 verbose stack     at maybeClose (internal/child_process.js:827:16)
14 verbose stack     at Process.ChildProcess._handle.onexit (internal/child_process.js:211:5)
15 verbose pkgid structure@1.0.0
16 verbose cwd /Users/fabianmurillo/Projects/battle-group
17 error Darwin 14.5.0
18 error argv "/usr/local/bin/node" "/usr/local/bin/npm" "run" "serve"
19 error node v5.6.0
20 error npm  v3.6.0
21 error code ELIFECYCLE 
22 error structure@1.0.0 serve: `node server.js`
22 error Exit status 1
23 error Failed at the structure@1.0.0 serve script 'node server.js'.
23 error Make sure you have the latest version of node.js and npm installed.
23 error If you do, this is most likely a problem with the structure package,
23 error not with npm itself.
23 error Tell the author that this fails on your system:
23 error     node server.js
23 error You can get information on how to open an issue for this project with:
23 error     npm bugs structure
23 error Or if that isn't available, you can get their info via:
23 error     npm owner ls structure
23 error There is likely additional logging output above.
24 verbose exit [ 1, true ]
=======
4 verbose stack Error: missing script: deve
4 verbose stack     at run (/usr/local/lib/node_modules/npm/lib/run-script.js:147:19)
4 verbose stack     at /usr/local/lib/node_modules/npm/lib/run-script.js:57:5
4 verbose stack     at /usr/local/lib/node_modules/npm/node_modules/read-package-json/read-json.js:345:5
4 verbose stack     at checkBinReferences_ (/usr/local/lib/node_modules/npm/node_modules/read-package-json/read-json.js:309:45)
4 verbose stack     at final (/usr/local/lib/node_modules/npm/node_modules/read-package-json/read-json.js:343:3)
4 verbose stack     at then (/usr/local/lib/node_modules/npm/node_modules/read-package-json/read-json.js:113:5)
4 verbose stack     at /usr/local/lib/node_modules/npm/node_modules/read-package-json/read-json.js:300:12
4 verbose stack     at /usr/local/lib/node_modules/npm/node_modules/graceful-fs/graceful-fs.js:76:16
4 verbose stack     at tryToString (fs.js:414:3)
4 verbose stack     at FSReqWrap.readFileAfterClose [as oncomplete] (fs.js:401:12)
5 verbose cwd /Users/davidmillican/working/battle-group
6 error Darwin 15.0.0
7 error argv "/usr/local/bin/node" "/usr/local/bin/npm" "run" "deve"
8 error node v5.6.0
9 error npm  v3.6.0
10 error missing script: deve
11 error If you need help, you may report this error at:
11 error     <https://github.com/npm/npm/issues>
12 verbose exit [ 1, true ]
>>>>>>> working
=======
>>>>>>> working
